<?xml version="1.0" encoding="UTF-8"?>
<!-- Generated by org.testng.reporters.JUnitXMLReporter -->
<testsuite ignored="0" hostname="DESKTOP-1CCS179" failures="0" tests="2" name="Test" time="19.061" errors="0" timestamp="2023-06-13T08:40:40 IST">
  <testcase classname="com.opencart.testLayer.LoginPageTest" name="validateLoggingintotheApplicationUsingInValidCredentials" time="2.347"/>
  <testcase classname="com.opencart.testLayer.LoginPageTest" name="validateLoggingintotheApplicationUsingValidCredentials" time="3.929"/>
</testsuite> <!-- Test -->
