<?xml version="1.0" encoding="UTF-8"?>
<testng-results ignored="0" total="2" passed="2" failed="0" skipped="0">
  <reporter-output>
  </reporter-output>
  <suite started-at="2023-06-13T08:40:21 IST" name="Suite" finished-at="2023-06-13T08:40:40 IST" duration-ms="19061">
    <groups>
    </groups>
    <test started-at="2023-06-13T08:40:21 IST" name="Test" finished-at="2023-06-13T08:40:40 IST" duration-ms="19061">
      <class name="com.opencart.testLayer.LoginPageTest">
        <test-method is-config="true" signature="setUp()[pri:0, instance:com.opencart.testLayer.LoginPageTest@6e171cd7]" started-at="2023-06-13T08:40:21 IST" name="setUp" finished-at="2023-06-13T08:40:29 IST" duration-ms="8004" status="PASS">
          <reporter-output>
          </reporter-output>
        </test-method> <!-- setUp -->
        <test-method signature="validateLoggingintotheApplicationUsingInValidCredentials()[pri:0, instance:com.opencart.testLayer.LoginPageTest@6e171cd7]" started-at="2023-06-13T08:40:29 IST" name="validateLoggingintotheApplicationUsingInValidCredentials" finished-at="2023-06-13T08:40:31 IST" duration-ms="2347" status="PASS">
          <reporter-output>
          </reporter-output>
        </test-method> <!-- validateLoggingintotheApplicationUsingInValidCredentials -->
        <test-method is-config="true" signature="tearDown()[pri:0, instance:com.opencart.testLayer.LoginPageTest@6e171cd7]" started-at="2023-06-13T08:40:31 IST" name="tearDown" finished-at="2023-06-13T08:40:31 IST" duration-ms="1" status="PASS">
          <reporter-output>
          </reporter-output>
        </test-method> <!-- tearDown -->
        <test-method is-config="true" signature="setUp()[pri:0, instance:com.opencart.testLayer.LoginPageTest@6e171cd7]" started-at="2023-06-13T08:40:31 IST" name="setUp" finished-at="2023-06-13T08:40:36 IST" duration-ms="4729" status="PASS">
          <reporter-output>
          </reporter-output>
        </test-method> <!-- setUp -->
        <test-method signature="validateLoggingintotheApplicationUsingValidCredentials()[pri:0, instance:com.opencart.testLayer.LoginPageTest@6e171cd7]" started-at="2023-06-13T08:40:36 IST" name="validateLoggingintotheApplicationUsingValidCredentials" finished-at="2023-06-13T08:40:40 IST" duration-ms="3929" status="PASS">
          <reporter-output>
          </reporter-output>
        </test-method> <!-- validateLoggingintotheApplicationUsingValidCredentials -->
        <test-method is-config="true" signature="tearDown()[pri:0, instance:com.opencart.testLayer.LoginPageTest@6e171cd7]" started-at="2023-06-13T08:40:40 IST" name="tearDown" finished-at="2023-06-13T08:40:40 IST" duration-ms="1" status="PASS">
          <reporter-output>
          </reporter-output>
        </test-method> <!-- tearDown -->
      </class> <!-- com.opencart.testLayer.LoginPageTest -->
    </test> <!-- Test -->
  </suite> <!-- Suite -->
</testng-results>
